#Unconstrained hold timing startpoint/endpoint

timing_node_id node_type node_name
-------------- --------- ---------
0 .input GPIO_PIN(0)_$inp.inpad[0]
1 .input GPIO_PIN(1)_$inp.inpad[0]
2 .input GPIO_PIN(2)_$inp.inpad[0]
3 .input GPIO_PIN(3)_$inp.inpad[0]
4 .input GPIO_PIN(4)_$inp.inpad[0]
5 .input GPIO_PIN(5)_$inp.inpad[0]
6 .input GPIO_PIN(6)_$inp.inpad[0]
7 .input GPIO_PIN(7)_$inp.inpad[0]
1044 RAM_CE0_FE0_PR0_WSA1_WSB1_VPR u_AL4S3B_FPGA_IP.u_AL4S3B_FPGA_RAMs.RAM0_INST.RAM_INST.RAM_0.RD_b0[0]
1045 RAM_CE0_FE0_PR0_WSA1_WSB1_VPR u_AL4S3B_FPGA_IP.u_AL4S3B_FPGA_RAMs.RAM0_INST.RAM_INST.RAM_0.RD_b1[0]
1046 RAM_CE0_FE0_PR0_WSA1_WSB1_VPR u_AL4S3B_FPGA_IP.u_AL4S3B_FPGA_RAMs.RAM0_INST.RAM_INST.RAM_0.RD_b10[0]
1047 RAM_CE0_FE0_PR0_WSA1_WSB1_VPR u_AL4S3B_FPGA_IP.u_AL4S3B_FPGA_RAMs.RAM0_INST.RAM_INST.RAM_0.RD_b11[0]
1048 RAM_CE0_FE0_PR0_WSA1_WSB1_VPR u_AL4S3B_FPGA_IP.u_AL4S3B_FPGA_RAMs.RAM0_INST.RAM_INST.RAM_0.RD_b12[0]
1049 RAM_CE0_FE0_PR0_WSA1_WSB1_VPR u_AL4S3B_FPGA_IP.u_AL4S3B_FPGA_RAMs.RAM0_INST.RAM_INST.RAM_0.RD_b13[0]
1050 RAM_CE0_FE0_PR0_WSA1_WSB1_VPR u_AL4S3B_FPGA_IP.u_AL4S3B_FPGA_RAMs.RAM0_INST.RAM_INST.RAM_0.RD_b14[0]
1051 RAM_CE0_FE0_PR0_WSA1_WSB1_VPR u_AL4S3B_FPGA_IP.u_AL4S3B_FPGA_RAMs.RAM0_INST.RAM_INST.RAM_0.RD_b15[0]
1052 RAM_CE0_FE0_PR0_WSA1_WSB1_VPR u_AL4S3B_FPGA_IP.u_AL4S3B_FPGA_RAMs.RAM0_INST.RAM_INST.RAM_0.RD_b16[0]
1053 RAM_CE0_FE0_PR0_WSA1_WSB1_VPR u_AL4S3B_FPGA_IP.u_AL4S3B_FPGA_RAMs.RAM0_INST.RAM_INST.RAM_0.RD_b2[0]
1054 RAM_CE0_FE0_PR0_WSA1_WSB1_VPR u_AL4S3B_FPGA_IP.u_AL4S3B_FPGA_RAMs.RAM0_INST.RAM_INST.RAM_0.RD_b3[0]
1055 RAM_CE0_FE0_PR0_WSA1_WSB1_VPR u_AL4S3B_FPGA_IP.u_AL4S3B_FPGA_RAMs.RAM0_INST.RAM_INST.RAM_0.RD_b4[0]
1056 RAM_CE0_FE0_PR0_WSA1_WSB1_VPR u_AL4S3B_FPGA_IP.u_AL4S3B_FPGA_RAMs.RAM0_INST.RAM_INST.RAM_0.RD_b5[0]
1057 RAM_CE0_FE0_PR0_WSA1_WSB1_VPR u_AL4S3B_FPGA_IP.u_AL4S3B_FPGA_RAMs.RAM0_INST.RAM_INST.RAM_0.RD_b6[0]
1058 RAM_CE0_FE0_PR0_WSA1_WSB1_VPR u_AL4S3B_FPGA_IP.u_AL4S3B_FPGA_RAMs.RAM0_INST.RAM_INST.RAM_0.RD_b7[0]
1059 RAM_CE0_FE0_PR0_WSA1_WSB1_VPR u_AL4S3B_FPGA_IP.u_AL4S3B_FPGA_RAMs.RAM0_INST.RAM_INST.RAM_0.RD_b9[0]
1060 RAM_CE1_FE0_PR0_WSA1_WSB1_VPR u_AL4S3B_FPGA_IP.u_AL4S3B_FPGA_RAMs.RAM1_INST.RAM_INST.RAM.RD_0_b0[0]
1061 RAM_CE1_FE0_PR0_WSA1_WSB1_VPR u_AL4S3B_FPGA_IP.u_AL4S3B_FPGA_RAMs.RAM1_INST.RAM_INST.RAM.RD_0_b1[0]
1062 RAM_CE1_FE0_PR0_WSA1_WSB1_VPR u_AL4S3B_FPGA_IP.u_AL4S3B_FPGA_RAMs.RAM1_INST.RAM_INST.RAM.RD_0_b10[0]
1063 RAM_CE1_FE0_PR0_WSA1_WSB1_VPR u_AL4S3B_FPGA_IP.u_AL4S3B_FPGA_RAMs.RAM1_INST.RAM_INST.RAM.RD_0_b11[0]
1064 RAM_CE1_FE0_PR0_WSA1_WSB1_VPR u_AL4S3B_FPGA_IP.u_AL4S3B_FPGA_RAMs.RAM1_INST.RAM_INST.RAM.RD_0_b12[0]
1065 RAM_CE1_FE0_PR0_WSA1_WSB1_VPR u_AL4S3B_FPGA_IP.u_AL4S3B_FPGA_RAMs.RAM1_INST.RAM_INST.RAM.RD_0_b13[0]
1066 RAM_CE1_FE0_PR0_WSA1_WSB1_VPR u_AL4S3B_FPGA_IP.u_AL4S3B_FPGA_RAMs.RAM1_INST.RAM_INST.RAM.RD_0_b14[0]
1067 RAM_CE1_FE0_PR0_WSA1_WSB1_VPR u_AL4S3B_FPGA_IP.u_AL4S3B_FPGA_RAMs.RAM1_INST.RAM_INST.RAM.RD_0_b15[0]
1068 RAM_CE1_FE0_PR0_WSA1_WSB1_VPR u_AL4S3B_FPGA_IP.u_AL4S3B_FPGA_RAMs.RAM1_INST.RAM_INST.RAM.RD_0_b16[0]
1069 RAM_CE1_FE0_PR0_WSA1_WSB1_VPR u_AL4S3B_FPGA_IP.u_AL4S3B_FPGA_RAMs.RAM1_INST.RAM_INST.RAM.RD_0_b2[0]
1070 RAM_CE1_FE0_PR0_WSA1_WSB1_VPR u_AL4S3B_FPGA_IP.u_AL4S3B_FPGA_RAMs.RAM1_INST.RAM_INST.RAM.RD_0_b3[0]
1071 RAM_CE1_FE0_PR0_WSA1_WSB1_VPR u_AL4S3B_FPGA_IP.u_AL4S3B_FPGA_RAMs.RAM1_INST.RAM_INST.RAM.RD_0_b4[0]
1072 RAM_CE1_FE0_PR0_WSA1_WSB1_VPR u_AL4S3B_FPGA_IP.u_AL4S3B_FPGA_RAMs.RAM1_INST.RAM_INST.RAM.RD_0_b5[0]
1073 RAM_CE1_FE0_PR0_WSA1_WSB1_VPR u_AL4S3B_FPGA_IP.u_AL4S3B_FPGA_RAMs.RAM1_INST.RAM_INST.RAM.RD_0_b6[0]
1074 RAM_CE1_FE0_PR0_WSA1_WSB1_VPR u_AL4S3B_FPGA_IP.u_AL4S3B_FPGA_RAMs.RAM1_INST.RAM_INST.RAM.RD_0_b7[0]
1075 RAM_CE1_FE0_PR0_WSA1_WSB1_VPR u_AL4S3B_FPGA_IP.u_AL4S3B_FPGA_RAMs.RAM1_INST.RAM_INST.RAM.RD_0_b9[0]
1076 RAM_CE0_FE0_PR0_WSA0_WSB0_VPR u_AL4S3B_FPGA_IP.u_AL4S3B_FPGA_RAMs.RAM2_INST.RAM_INST.RAM_0.RD_b0[0]
1077 RAM_CE0_FE0_PR0_WSA0_WSB0_VPR u_AL4S3B_FPGA_IP.u_AL4S3B_FPGA_RAMs.RAM2_INST.RAM_INST.RAM_0.RD_b1[0]
1078 RAM_CE0_FE0_PR0_WSA0_WSB0_VPR u_AL4S3B_FPGA_IP.u_AL4S3B_FPGA_RAMs.RAM2_INST.RAM_INST.RAM_0.RD_b2[0]
1079 RAM_CE0_FE0_PR0_WSA0_WSB0_VPR u_AL4S3B_FPGA_IP.u_AL4S3B_FPGA_RAMs.RAM2_INST.RAM_INST.RAM_0.RD_b3[0]
1080 RAM_CE0_FE0_PR0_WSA0_WSB0_VPR u_AL4S3B_FPGA_IP.u_AL4S3B_FPGA_RAMs.RAM2_INST.RAM_INST.RAM_0.RD_b4[0]
1081 RAM_CE0_FE0_PR0_WSA0_WSB0_VPR u_AL4S3B_FPGA_IP.u_AL4S3B_FPGA_RAMs.RAM2_INST.RAM_INST.RAM_0.RD_b5[0]
1082 RAM_CE0_FE0_PR0_WSA0_WSB0_VPR u_AL4S3B_FPGA_IP.u_AL4S3B_FPGA_RAMs.RAM2_INST.RAM_INST.RAM_0.RD_b6[0]
1083 RAM_CE0_FE0_PR0_WSA0_WSB0_VPR u_AL4S3B_FPGA_IP.u_AL4S3B_FPGA_RAMs.RAM2_INST.RAM_INST.RAM_0.RD_b7[0]
1084 RAM_CE1_FE0_PR0_WSA2_WSB2_VPR u_AL4S3B_FPGA_IP.u_AL4S3B_FPGA_RAMs.RAM3_INST.RAM_INST.RAM.RD_0_b0[0]
1085 RAM_CE1_FE0_PR0_WSA2_WSB2_VPR u_AL4S3B_FPGA_IP.u_AL4S3B_FPGA_RAMs.RAM3_INST.RAM_INST.RAM.RD_0_b1[0]
1086 RAM_CE1_FE0_PR0_WSA2_WSB2_VPR u_AL4S3B_FPGA_IP.u_AL4S3B_FPGA_RAMs.RAM3_INST.RAM_INST.RAM.RD_0_b10[0]
1087 RAM_CE1_FE0_PR0_WSA2_WSB2_VPR u_AL4S3B_FPGA_IP.u_AL4S3B_FPGA_RAMs.RAM3_INST.RAM_INST.RAM.RD_0_b11[0]
1088 RAM_CE1_FE0_PR0_WSA2_WSB2_VPR u_AL4S3B_FPGA_IP.u_AL4S3B_FPGA_RAMs.RAM3_INST.RAM_INST.RAM.RD_0_b12[0]
1089 RAM_CE1_FE0_PR0_WSA2_WSB2_VPR u_AL4S3B_FPGA_IP.u_AL4S3B_FPGA_RAMs.RAM3_INST.RAM_INST.RAM.RD_0_b13[0]
1090 RAM_CE1_FE0_PR0_WSA2_WSB2_VPR u_AL4S3B_FPGA_IP.u_AL4S3B_FPGA_RAMs.RAM3_INST.RAM_INST.RAM.RD_0_b14[0]
1091 RAM_CE1_FE0_PR0_WSA2_WSB2_VPR u_AL4S3B_FPGA_IP.u_AL4S3B_FPGA_RAMs.RAM3_INST.RAM_INST.RAM.RD_0_b15[0]
1092 RAM_CE1_FE0_PR0_WSA2_WSB2_VPR u_AL4S3B_FPGA_IP.u_AL4S3B_FPGA_RAMs.RAM3_INST.RAM_INST.RAM.RD_0_b16[0]
1093 RAM_CE1_FE0_PR0_WSA2_WSB2_VPR u_AL4S3B_FPGA_IP.u_AL4S3B_FPGA_RAMs.RAM3_INST.RAM_INST.RAM.RD_0_b2[0]
1094 RAM_CE1_FE0_PR0_WSA2_WSB2_VPR u_AL4S3B_FPGA_IP.u_AL4S3B_FPGA_RAMs.RAM3_INST.RAM_INST.RAM.RD_0_b3[0]
1095 RAM_CE1_FE0_PR0_WSA2_WSB2_VPR u_AL4S3B_FPGA_IP.u_AL4S3B_FPGA_RAMs.RAM3_INST.RAM_INST.RAM.RD_0_b4[0]
1096 RAM_CE1_FE0_PR0_WSA2_WSB2_VPR u_AL4S3B_FPGA_IP.u_AL4S3B_FPGA_RAMs.RAM3_INST.RAM_INST.RAM.RD_0_b5[0]
1097 RAM_CE1_FE0_PR0_WSA2_WSB2_VPR u_AL4S3B_FPGA_IP.u_AL4S3B_FPGA_RAMs.RAM3_INST.RAM_INST.RAM.RD_0_b6[0]
1098 RAM_CE1_FE0_PR0_WSA2_WSB2_VPR u_AL4S3B_FPGA_IP.u_AL4S3B_FPGA_RAMs.RAM3_INST.RAM_INST.RAM.RD_0_b7[0]
1099 RAM_CE1_FE0_PR0_WSA2_WSB2_VPR u_AL4S3B_FPGA_IP.u_AL4S3B_FPGA_RAMs.RAM3_INST.RAM_INST.RAM.RD_0_b9[0]
1100 RAM_CE1_FE0_PR0_WSA2_WSB2_VPR u_AL4S3B_FPGA_IP.u_AL4S3B_FPGA_RAMs.RAM3_INST.RAM_INST.RAM.RD_1_b0[0]
1101 RAM_CE1_FE0_PR0_WSA2_WSB2_VPR u_AL4S3B_FPGA_IP.u_AL4S3B_FPGA_RAMs.RAM3_INST.RAM_INST.RAM.RD_1_b1[0]
1102 RAM_CE1_FE0_PR0_WSA2_WSB2_VPR u_AL4S3B_FPGA_IP.u_AL4S3B_FPGA_RAMs.RAM3_INST.RAM_INST.RAM.RD_1_b10[0]
1103 RAM_CE1_FE0_PR0_WSA2_WSB2_VPR u_AL4S3B_FPGA_IP.u_AL4S3B_FPGA_RAMs.RAM3_INST.RAM_INST.RAM.RD_1_b11[0]
1104 RAM_CE1_FE0_PR0_WSA2_WSB2_VPR u_AL4S3B_FPGA_IP.u_AL4S3B_FPGA_RAMs.RAM3_INST.RAM_INST.RAM.RD_1_b12[0]
1105 RAM_CE1_FE0_PR0_WSA2_WSB2_VPR u_AL4S3B_FPGA_IP.u_AL4S3B_FPGA_RAMs.RAM3_INST.RAM_INST.RAM.RD_1_b13[0]
1106 RAM_CE1_FE0_PR0_WSA2_WSB2_VPR u_AL4S3B_FPGA_IP.u_AL4S3B_FPGA_RAMs.RAM3_INST.RAM_INST.RAM.RD_1_b14[0]
1107 RAM_CE1_FE0_PR0_WSA2_WSB2_VPR u_AL4S3B_FPGA_IP.u_AL4S3B_FPGA_RAMs.RAM3_INST.RAM_INST.RAM.RD_1_b15[0]
1108 RAM_CE1_FE0_PR0_WSA2_WSB2_VPR u_AL4S3B_FPGA_IP.u_AL4S3B_FPGA_RAMs.RAM3_INST.RAM_INST.RAM.RD_1_b16[0]
1109 RAM_CE1_FE0_PR0_WSA2_WSB2_VPR u_AL4S3B_FPGA_IP.u_AL4S3B_FPGA_RAMs.RAM3_INST.RAM_INST.RAM.RD_1_b2[0]
1110 RAM_CE1_FE0_PR0_WSA2_WSB2_VPR u_AL4S3B_FPGA_IP.u_AL4S3B_FPGA_RAMs.RAM3_INST.RAM_INST.RAM.RD_1_b3[0]
1111 RAM_CE1_FE0_PR0_WSA2_WSB2_VPR u_AL4S3B_FPGA_IP.u_AL4S3B_FPGA_RAMs.RAM3_INST.RAM_INST.RAM.RD_1_b4[0]
1112 RAM_CE1_FE0_PR0_WSA2_WSB2_VPR u_AL4S3B_FPGA_IP.u_AL4S3B_FPGA_RAMs.RAM3_INST.RAM_INST.RAM.RD_1_b5[0]
1113 RAM_CE1_FE0_PR0_WSA2_WSB2_VPR u_AL4S3B_FPGA_IP.u_AL4S3B_FPGA_RAMs.RAM3_INST.RAM_INST.RAM.RD_1_b6[0]
1114 RAM_CE1_FE0_PR0_WSA2_WSB2_VPR u_AL4S3B_FPGA_IP.u_AL4S3B_FPGA_RAMs.RAM3_INST.RAM_INST.RAM.RD_1_b7[0]
1115 RAM_CE1_FE0_PR0_WSA2_WSB2_VPR u_AL4S3B_FPGA_IP.u_AL4S3B_FPGA_RAMs.RAM3_INST.RAM_INST.RAM.RD_1_b9[0]
1116 RAM_CE1_FE0_PR0_WSA0_WSB0_VPR u_AL4S3B_FPGA_IP.u_AL4S3B_FPGA_RAMs.RAM4_INST.RAM_INST.RAM.RD_0_b0[0]
1117 RAM_CE1_FE0_PR0_WSA0_WSB0_VPR u_AL4S3B_FPGA_IP.u_AL4S3B_FPGA_RAMs.RAM4_INST.RAM_INST.RAM.RD_0_b1[0]
1118 RAM_CE1_FE0_PR0_WSA0_WSB0_VPR u_AL4S3B_FPGA_IP.u_AL4S3B_FPGA_RAMs.RAM4_INST.RAM_INST.RAM.RD_0_b2[0]
1119 RAM_CE1_FE0_PR0_WSA0_WSB0_VPR u_AL4S3B_FPGA_IP.u_AL4S3B_FPGA_RAMs.RAM4_INST.RAM_INST.RAM.RD_0_b3[0]
1120 RAM_CE1_FE0_PR0_WSA0_WSB0_VPR u_AL4S3B_FPGA_IP.u_AL4S3B_FPGA_RAMs.RAM4_INST.RAM_INST.RAM.RD_0_b4[0]
1121 RAM_CE1_FE0_PR0_WSA0_WSB0_VPR u_AL4S3B_FPGA_IP.u_AL4S3B_FPGA_RAMs.RAM4_INST.RAM_INST.RAM.RD_0_b5[0]
1122 RAM_CE1_FE0_PR0_WSA0_WSB0_VPR u_AL4S3B_FPGA_IP.u_AL4S3B_FPGA_RAMs.RAM4_INST.RAM_INST.RAM.RD_0_b6[0]
1123 RAM_CE1_FE0_PR0_WSA0_WSB0_VPR u_AL4S3B_FPGA_IP.u_AL4S3B_FPGA_RAMs.RAM4_INST.RAM_INST.RAM.RD_0_b7[0]

#End of unconstrained hold startpoint/endpoint report
